
96. Printing statistics.

=== Selector_test ===

   Number of wires:               5954
   Number of wire bits:          10060
   Number of public wires:           3
   Number of public wire bits:    4109
   Number of memories:               0
   Number of memory bits:            0
   Number of processes:              0
   Number of cells:              10047
     sky130_fd_sc_hd__and2_2         2
     sky130_fd_sc_hd__and2b_2        2
     sky130_fd_sc_hd__and3_2         2
     sky130_fd_sc_hd__and3b_2        4
     sky130_fd_sc_hd__and4_2      4097
     sky130_fd_sc_hd__and4_4         1
     sky130_fd_sc_hd__and4b_2        8
     sky130_fd_sc_hd__and4bb_2      12
     sky130_fd_sc_hd__buf_1       1411
     sky130_fd_sc_hd__buf_2        721
     sky130_fd_sc_hd__buf_4       3757
     sky130_fd_sc_hd__buf_6         15
     sky130_fd_sc_hd__nor2_2         1
     sky130_fd_sc_hd__nor2b_2        2
     sky130_fd_sc_hd__nor3b_4        2
     sky130_fd_sc_hd__nor4_4         2
     sky130_fd_sc_hd__nor4b_4        8

   Chip area for module '\Selector_test': 78920.691200

