
78. Printing statistics.

=== Selector_test ===

   Number of wires:               1749
   Number of wire bits:           5855
   Number of public wires:           3
   Number of public wire bits:    4109
   Number of memories:               0
   Number of memory bits:            0
   Number of processes:              0
   Number of cells:               5842
     sky130_fd_sc_hd__and2_2         6
     sky130_fd_sc_hd__and2b_2        8
     sky130_fd_sc_hd__and3_2       287
     sky130_fd_sc_hd__and4_2       111
     sky130_fd_sc_hd__and4b_2        4
     sky130_fd_sc_hd__buf_1       1432
     sky130_fd_sc_hd__inv_2          9
     sky130_fd_sc_hd__nand2_2       44
     sky130_fd_sc_hd__nand3_2        6
     sky130_fd_sc_hd__nand3b_2       5
     sky130_fd_sc_hd__nand4_2      200
     sky130_fd_sc_hd__nand4b_2       1
     sky130_fd_sc_hd__nor2_2      2844
     sky130_fd_sc_hd__nor2b_2        2
     sky130_fd_sc_hd__nor3_2       427
     sky130_fd_sc_hd__nor3b_2       16
     sky130_fd_sc_hd__nor4_2       435
     sky130_fd_sc_hd__nor4b_2        4
     sky130_fd_sc_hd__or2_2          1

   Chip area for module '\Selector_test': 39536.668800

