
87. Printing statistics.

=== Selector_test ===

   Number of wires:               4766
   Number of wire bits:           8872
   Number of public wires:           3
   Number of public wire bits:    4109
   Number of memories:               0
   Number of memory bits:            0
   Number of processes:              0
   Number of cells:               8859
     sky130_fd_sc_hd__and2_2         1
     sky130_fd_sc_hd__and2b_2        5
     sky130_fd_sc_hd__and3_2      2044
     sky130_fd_sc_hd__and3b_2        5
     sky130_fd_sc_hd__and4_2      1028
     sky130_fd_sc_hd__and4b_2        7
     sky130_fd_sc_hd__and4bb_2      64
     sky130_fd_sc_hd__buf_1       4624
     sky130_fd_sc_hd__inv_2          8
     sky130_fd_sc_hd__nand2_2       13
     sky130_fd_sc_hd__nand2b_2       2
     sky130_fd_sc_hd__nand3_2       12
     sky130_fd_sc_hd__nand3b_2       2
     sky130_fd_sc_hd__nand4_2       33
     sky130_fd_sc_hd__nand4b_2       4
     sky130_fd_sc_hd__nor2_2       134
     sky130_fd_sc_hd__nor2b_2        2
     sky130_fd_sc_hd__nor3_2       299
     sky130_fd_sc_hd__nor3b_2        7
     sky130_fd_sc_hd__nor4_2       554
     sky130_fd_sc_hd__nor4b_2        8
     sky130_fd_sc_hd__or4bb_2        3

   Chip area for module '\Selector_test': 55742.211200

